<?xml version="1.0" encoding="UTF-8"?>
<!-- Generated by org.testng.reporters.JUnitReportReporter -->
<testsuite skipped="0" hostname="LAPTOP-JTNN1PTL" name="testRunner.testRunner" tests="2" failures="0" timestamp="2021-07-28T15:33:56 EDT" time="611.566" errors="0">
  <testcase name="feature" time="520.717" classname="testRunner.testRunner"/>
  <system-out/>
  <testcase name="feature" time="90.849" classname="testRunner.testRunner"/>
  <system-out/>
</testsuite> <!-- testRunner.testRunner -->
