<?xml version="1.0" encoding="UTF-8"?>
<!-- Generated by org.testng.reporters.JUnitReportReporter -->
<testsuite skipped="0" hostname="LAPTOP-JTNN1PTL" name="testRunner.testRunner" tests="2" failures="0" timestamp="2021-07-29T06:14:33 EDT" time="385.290" errors="0">
  <testcase name="feature" time="86.482" classname="testRunner.testRunner"/>
  <system-out/>
  <testcase name="feature" time="298.808" classname="testRunner.testRunner"/>
  <system-out/>
</testsuite> <!-- testRunner.testRunner -->
