<?xml version="1.0" encoding="UTF-8"?>
<!-- Generated by org.testng.reporters.JUnitReportReporter -->
<testsuite skipped="0" hostname="LAPTOP-JTNN1PTL" name="testRunner.testRunner" tests="2" failures="0" timestamp="2021-07-29T08:20:09 EDT" time="490.137" errors="0">
  <testcase name="feature" time="131.167" classname="testRunner.testRunner"/>
  <system-out/>
  <testcase name="feature" time="358.970" classname="testRunner.testRunner"/>
  <system-out/>
</testsuite> <!-- testRunner.testRunner -->
