<?xml version="1.0" encoding="UTF-8"?>
<!-- Generated by org.testng.reporters.JUnitReportReporter -->
<testsuite skipped="0" hostname="LAPTOP-JTNN1PTL" name="testRunner.testRunner" tests="1" failures="0" timestamp="2021-08-13T09:09:52 EDT" time="982.746" errors="0">
  <testcase name="feature" time="982.746" classname="testRunner.testRunner"/>
  <system-out/>
</testsuite> <!-- testRunner.testRunner -->
